<?xml version="1.0" encoding="UTF-8"?>
<!-- Generated by org.testng.reporters.JUnitReportReporter -->
<testsuite hostname="Harry865" failures="0" tests="1" name="org.batch.Jaga" time="0.008" errors="0" timestamp="11 Apr 2024 08:22:18 GMT">
  <testcase classname="org.batch.Jaga" name="fast" time="0.008"/>
</testsuite> <!-- org.batch.Jaga -->
